PLINK v1.90b6.24 64-bit (6 Jun 2021)
Options in effect:
  --allow-extra-chr
  --out /home/akihirao/work/Traja/Traja_GRASDi/Scripts/PCA_out/Traja_GRASDi_ref2_rev2.nDNA.snp.non_singleton
  --pca
  --vcf /home/akihirao/work/Traja/Traja_GRASDi/vcf_out/Traja_GRASDi_ref2_rev2.nDNA.snp.non_singleton.vcf.gz

Hostname: node6.saints.fra.go.jp
Working directory: /home/akihirao/work/Traja/Traja_GRASDi/plink_filtering
Start time: Thu Apr 14 18:07:01 2022

Random number seed: 1649927221
1031982 MB RAM detected; reserving 515991 MB for main workspace.
--vcf:
/home/akihirao/work/Traja/Traja_GRASDi/Scripts/PCA_out/Traja_GRASDi_ref2_rev2.nDNA.snp.non_singleton-temporary.bed
+
/home/akihirao/work/Traja/Traja_GRASDi/Scripts/PCA_out/Traja_GRASDi_ref2_rev2.nDNA.snp.non_singleton-temporary.bim
+
/home/akihirao/work/Traja/Traja_GRASDi/Scripts/PCA_out/Traja_GRASDi_ref2_rev2.nDNA.snp.non_singleton-temporary.fam
written.
109536 variants loaded from .bim file.
614 people (0 males, 0 females, 614 ambiguous) loaded from .fam.
Ambiguous sex IDs written to
/home/akihirao/work/Traja/Traja_GRASDi/Scripts/PCA_out/Traja_GRASDi_ref2_rev2.nDNA.snp.non_singleton.nosex
.
Using up to 127 threads (change this with --threads).
Before main variant filters, 614 founders and 0 nonfounders present.
Calculating allele frequencies... done.
Total genotyping rate is 0.978614.
109536 variants and 614 people pass filters and QC.
Note: No phenotypes present.
Relationship matrix calculation complete.
--pca: Results saved to
/home/akihirao/work/Traja/Traja_GRASDi/Scripts/PCA_out/Traja_GRASDi_ref2_rev2.nDNA.snp.non_singleton.eigenval
and
/home/akihirao/work/Traja/Traja_GRASDi/Scripts/PCA_out/Traja_GRASDi_ref2_rev2.nDNA.snp.non_singleton.eigenvec
.

End time: Thu Apr 14 18:07:08 2022
