PLINK v1.90b6.26 64-bit (2 Apr 2022)
Options in effect:
  --allow-extra-chr
  --out /mnt/WD20/Traja/Traja_GRASDi/Scripts/PCA_out/Traja_GRASDi_ref3.nDNA.snp.maf001.non_unplaced.LDpruned
  --pca
  --vcf /mnt/WD20/Traja/Traja_GRASDi/vcf_out/Traja_GRASDi_ref3.nDNA.snp.maf001.non_unplaced.LDpruned.vcf.gz

Hostname: 22-0103
Working directory: /mnt/WD20/Traja/Traja_GRASDi/plink_filtering
Start time: Fri Feb 24 11:04:48 2023

Random number seed: 1677204288
257609 MB RAM detected; reserving 128804 MB for main workspace.
--vcf:
/mnt/WD20/Traja/Traja_GRASDi/Scripts/PCA_out/Traja_GRASDi_ref3.nDNA.snp.maf001.non_unplaced.LDpruned-temporary.bed
+
/mnt/WD20/Traja/Traja_GRASDi/Scripts/PCA_out/Traja_GRASDi_ref3.nDNA.snp.maf001.non_unplaced.LDpruned-temporary.bim
+
/mnt/WD20/Traja/Traja_GRASDi/Scripts/PCA_out/Traja_GRASDi_ref3.nDNA.snp.maf001.non_unplaced.LDpruned-temporary.fam
written.
19793 variants loaded from .bim file.
614 people (0 males, 0 females, 614 ambiguous) loaded from .fam.
Ambiguous sex IDs written to
/mnt/WD20/Traja/Traja_GRASDi/Scripts/PCA_out/Traja_GRASDi_ref3.nDNA.snp.maf001.non_unplaced.LDpruned.nosex
.
Using up to 31 threads (change this with --threads).
Before main variant filters, 614 founders and 0 nonfounders present.
Calculating allele frequencies... done.
Warning: Nonmissing nonmale Y chromosome genotype(s) present; many commands
treat these as missing.
Total genotyping rate is 0.975359.
19793 variants and 614 people pass filters and QC.
Note: No phenotypes present.
Excluding 1335 variants on non-autosomes from relationship matrix calc.
Relationship matrix calculation complete.
--pca: Results saved to
/mnt/WD20/Traja/Traja_GRASDi/Scripts/PCA_out/Traja_GRASDi_ref3.nDNA.snp.maf001.non_unplaced.LDpruned.eigenval
and
/mnt/WD20/Traja/Traja_GRASDi/Scripts/PCA_out/Traja_GRASDi_ref3.nDNA.snp.maf001.non_unplaced.LDpruned.eigenvec
.

End time: Fri Feb 24 11:04:49 2023
