PLINK v1.90b6.26 64-bit (2 Apr 2022)
Options in effect:
  --allow-extra-chr
  --out /mnt/WD20/Traja/Traja_GRASDi/Scripts/PCA_out/Traja_GRASDi_ref3.nDNA.snp.non_singleton
  --pca
  --vcf /mnt/WD20/Traja/Traja_GRASDi/vcf_out/Traja_GRASDi_ref3.nDNA.snp.non_singleton.vcf.gz

Hostname: 22-0103
Working directory: /mnt/WD20/Traja/Traja_GRASDi/plink_filtering
Start time: Fri Feb 24 10:58:03 2023

Random number seed: 1677203883
257609 MB RAM detected; reserving 128804 MB for main workspace.
--vcf:
/mnt/WD20/Traja/Traja_GRASDi/Scripts/PCA_out/Traja_GRASDi_ref3.nDNA.snp.non_singleton-temporary.bed
+
/mnt/WD20/Traja/Traja_GRASDi/Scripts/PCA_out/Traja_GRASDi_ref3.nDNA.snp.non_singleton-temporary.bim
+
/mnt/WD20/Traja/Traja_GRASDi/Scripts/PCA_out/Traja_GRASDi_ref3.nDNA.snp.non_singleton-temporary.fam
written.
109209 variants loaded from .bim file.
614 people (0 males, 0 females, 614 ambiguous) loaded from .fam.
Ambiguous sex IDs written to
/mnt/WD20/Traja/Traja_GRASDi/Scripts/PCA_out/Traja_GRASDi_ref3.nDNA.snp.non_singleton.nosex
.
Using up to 31 threads (change this with --threads).
Before main variant filters, 614 founders and 0 nonfounders present.
Calculating allele frequencies... done.
Warning: Nonmissing nonmale Y chromosome genotype(s) present; many commands
treat these as missing.
Total genotyping rate is 0.978481.
109209 variants and 614 people pass filters and QC.
Note: No phenotypes present.
Excluding 7502 variants on non-autosomes from relationship matrix calc.
Relationship matrix calculation complete.
--pca: Results saved to
/mnt/WD20/Traja/Traja_GRASDi/Scripts/PCA_out/Traja_GRASDi_ref3.nDNA.snp.non_singleton.eigenval
and
/mnt/WD20/Traja/Traja_GRASDi/Scripts/PCA_out/Traja_GRASDi_ref3.nDNA.snp.non_singleton.eigenvec
.

End time: Fri Feb 24 10:58:09 2023
